<?xml version="1.0" encoding="UTF-8"?>
<!-- Generated by org.testng.reporters.JUnitReportReporter -->
<testsuite skipped="1" hostname="BA-000235932" name="com.telus.wnp.tests.WLSC_169266_WNP_REG_OSPCancelKoodoFromTelus" tests="2" failures="0" timestamp="2022-05-18T11:01:32 IST" time="1.831" errors="1">
  <testcase name="BeforeMethod" time="1.831" classname="com.telus.wnp.tests.WLSC_169266_WNP_REG_OSPCancelKoodoFromTelus">
    <error type="org.json.JSONException" message="JSONObject[&quot;PT180&quot;] not found.">
      <![CDATA[org.json.JSONException: JSONObject["PT180"] not found.
at org.json.JSONObject.get(JSONObject.java:520)
at org.json.JSONObject.getJSONObject(JSONObject.java:732)
at com.telus.wnp.tests.WLSC_169266_WNP_REG_OSPCancelKoodoFromTelus.BeforeMethod(WLSC_169266_WNP_REG_OSPCancelKoodoFromTelus.java:76)
at sun.reflect.NativeMethodAccessorImpl.invoke0(Native Method)
at sun.reflect.NativeMethodAccessorImpl.invoke(Unknown Source)
at sun.reflect.DelegatingMethodAccessorImpl.invoke(Unknown Source)
at java.lang.reflect.Method.invoke(Unknown Source)
at org.testng.internal.MethodInvocationHelper.invokeMethod(MethodInvocationHelper.java:133)
at org.testng.internal.MethodInvocationHelper.invokeMethodConsideringTimeout(MethodInvocationHelper.java:62)
at org.testng.internal.ConfigInvoker.invokeConfigurationMethod(ConfigInvoker.java:385)
at org.testng.internal.ConfigInvoker.invokeConfigurations(ConfigInvoker.java:321)
at org.testng.TestRunner.invokeTestConfigurations(TestRunner.java:637)
at org.testng.TestRunner.beforeRun(TestRunner.java:627)
at org.testng.TestRunner.run(TestRunner.java:589)
at org.testng.SuiteRunner.runTest(SuiteRunner.java:377)
at org.testng.SuiteRunner.runSequentially(SuiteRunner.java:371)
at org.testng.SuiteRunner.privateRun(SuiteRunner.java:332)
at org.testng.SuiteRunner.run(SuiteRunner.java:276)
at org.testng.SuiteRunnerWorker.runSuite(SuiteRunnerWorker.java:53)
at org.testng.SuiteRunnerWorker.run(SuiteRunnerWorker.java:96)
at org.testng.TestNG.runSuitesSequentially(TestNG.java:1212)
at org.testng.TestNG.runSuitesLocally(TestNG.java:1134)
at org.testng.TestNG.runSuites(TestNG.java:1063)
at org.testng.TestNG.run(TestNG.java:1031)
at org.testng.remote.AbstractRemoteTestNG.run(AbstractRemoteTestNG.java:115)
at org.testng.remote.RemoteTestNG.initAndRun(RemoteTestNG.java:251)
at org.testng.remote.RemoteTestNG.main(RemoteTestNG.java:77)
]]>
    </error>
  </testcase> <!-- BeforeMethod -->
  <system-out/>
  <testcase name="testMethod_OSPCancelRequestKoodoFromTelus" time="0.000" classname="com.telus.wnp.tests.WLSC_169266_WNP_REG_OSPCancelKoodoFromTelus">
    <skipped/>
  </testcase> <!-- testMethod_OSPCancelRequestKoodoFromTelus -->
  <system-out/>
</testsuite> <!-- com.telus.wnp.tests.WLSC_169266_WNP_REG_OSPCancelKoodoFromTelus -->
